<?xml version="1.0" encoding="UTF-8"?>
<!-- Generated by org.testng.reporters.JUnitReportReporter -->
<testsuite skipped="0" hostname="DESKTOP-VC3249G" name="testng.CreatePurchaseSelectCopyBillingAddressShippingAddressEmptyCbTest" tests="2" failures="0" timestamp="22 Jun 2022 09:13:19 GMT" time="96.125" errors="0">
  <testcase name="createMethodPurchaseSelectCopyBillingAddressShippingAddressEmptyTest" time="70.320" classname="testng.CreatePurchaseSelectCopyBillingAddressShippingAddressEmptyCbTest"/>
  <testcase name="createMethodPurchaseSelectCopyBillingAddressShippingAddressEmptyTest" time="25.805" classname="testng.CreatePurchaseSelectCopyBillingAddressShippingAddressEmptyCbTest"/>
</testsuite> <!-- testng.CreatePurchaseSelectCopyBillingAddressShippingAddressEmptyCbTest -->
